<?xml version="1.0" encoding="UTF-8"?>
<testsuite xmlns:xsi="http://www.w3.org/2001/XMLSchema-instance" xsi:noNamespaceSchemaLocation="https://maven.apache.org/surefire/maven-surefire-plugin/xsd/surefire-test-report-3.0.xsd" version="3.0" name="at.fhj.msd.CalculatorTest" time="0.078" tests="16" errors="0" skipped="0" failures="1">
  <properties>
[...]
</properties>
  <testcase name="testFactorialZero" classname="at.fhj.msd.CalculatorTest" time="0.024"/>
  <testcase name="testDivideByZero" classname="at.fhj.msd.CalculatorTest" time="0.008"/>
  <testcase name="testMultiplyNormalValues" classname="at.fhj.msd.CalculatorTest" time="0.002"/>
  <testcase name="testDivideNormalValues" classname="at.fhj.msd.CalculatorTest" time="0.001"/>
  <testcase name="testFactorial" classname="at.fhj.msd.CalculatorTest" time="0.0"/>
  <testcase name="testMinusWithNegative" classname="at.fhj.msd.CalculatorTest" time="0.001"/>
  <testcase name="testMinusWithZero" classname="at.fhj.msd.CalculatorTest" time="0.001"/>
  <testcase name="testAddWithNegative" classname="at.fhj.msd.CalculatorTest" time="0.0"/>
  <testcase name="testFactorialPositive" classname="at.fhj.msd.CalculatorTest" time="0.001"/>
  <testcase name="testAddWithZero" classname="at.fhj.msd.CalculatorTest" time="0.001"/>
  <testcase name="testMinusNormalValues" classname="at.fhj.msd.CalculatorTest" time="0.001"/>
  <testcase name="testFactorialNegative" classname="at.fhj.msd.CalculatorTest" time="0.006">
    <failure message="Factorial of a negative number should be 0 ==&gt; expected: &lt;0&gt; but was: &lt;1&gt;" type="org.opentest4j.AssertionFailedError"><![CDATA[org.opentest4j.AssertionFailedError: Factorial of a negative number should be 0 ==> expected: <0> but was: <1>
	at org.junit.jupiter.api.AssertionFailureBuilder.build(AssertionFailureBuilder.java:151)
	at org.junit.jupiter.api.AssertionFailureBuilder.buildAndThrow(AssertionFailureBuilder.java:132)
	at org.junit.jupiter.api.AssertEquals.failNotEqual(AssertEquals.java:197)
	at org.junit.jupiter.api.AssertEquals.assertEquals(AssertEquals.java:150)
	at org.junit.jupiter.api.Assertions.assertEquals(Assertions.java:563)
	at at.fhj.msd.CalculatorTest.testFactorialNegative(CalculatorTest.java:124)
	at java.base/java.lang.reflect.Method.invoke(Method.java:580)
	at java.base/java.util.ArrayList.forEach(ArrayList.java:1597)
	at java.base/java.util.ArrayList.forEach(ArrayList.java:1597)
]]></failure>
  </testcase>
  <testcase name="testMultiplyWithNegative" classname="at.fhj.msd.CalculatorTest" time="0.0"/>
  <testcase name="testMultiplyWithZero" classname="at.fhj.msd.CalculatorTest" time="0.001"/>
  <testcase name="testDivideWithNegative" classname="at.fhj.msd.CalculatorTest" time="0.001"/>
  <testcase name="testAddNormalValues" classname="at.fhj.msd.CalculatorTest" time="0.001"/>
</testsuite>